[19:21:26] [ServerMain/INFO]: Building unoptimized datafixer
[19:21:27] [ServerMain/INFO]: Environment: authHost='https://authserver.mojang.com', accountsHost='https://api.mojang.com', sessionHost='https://sessionserver.mojang.com', servicesHost='https://api.minecraftservices.com', name='PROD'
[19:21:29] [ServerMain/INFO]: Loaded 7 recipes
[19:21:29] [ServerMain/INFO]: Loaded 1179 advancements
[19:21:30] [Server thread/INFO]: Starting minecraft server version 1.19
[19:21:30] [Server thread/INFO]: Loading properties
[19:21:30] [Server thread/INFO]: Default game type: SURVIVAL
[19:21:30] [Server thread/INFO]: Generating keypair
[19:21:30] [Server thread/INFO]: Starting Minecraft server on *:25565
[19:21:30] [Server thread/INFO]: Using epoll channel type
[19:21:30] [Server thread/WARN]: **** SERVER IS RUNNING IN OFFLINE/INSECURE MODE!
[19:21:30] [Server thread/WARN]: The server will make no attempt to authenticate usernames. Beware.
[19:21:30] [Server thread/WARN]: While this makes the game possible to play without internet access, it also opens up the ability for hackers to connect with any username they choose.
[19:21:30] [Server thread/WARN]: To change this, set "online-mode" to "true" in the server.properties file.
[19:21:30] [Server thread/INFO]: Preparing level "world"
[19:21:30] [Server thread/INFO]: Preparing start region for dimension minecraft:overworld
[19:21:32] [Worker-Main-6/INFO]: Preparing spawn area: 0%
[19:21:32] [Worker-Main-3/INFO]: Preparing spawn area: 0%
[19:21:32] [Worker-Main-3/INFO]: Preparing spawn area: 0%
[19:21:32] [Worker-Main-4/INFO]: Preparing spawn area: 0%
[19:21:32] [Worker-Main-5/INFO]: Preparing spawn area: 0%
[19:21:33] [Worker-Main-2/INFO]: Preparing spawn area: 0%
[19:21:33] [Worker-Main-4/INFO]: Preparing spawn area: 0%
[19:21:34] [Worker-Main-2/INFO]: Preparing spawn area: 10%
[19:21:34] [Worker-Main-2/INFO]: Preparing spawn area: 30%
[19:21:35] [Worker-Main-4/INFO]: Preparing spawn area: 63%
[19:21:35] [Server thread/INFO]: Time elapsed: 4761 ms
[19:21:35] [Server thread/INFO]: Done (4.962s)! For help, type "help"
[21:35:00] [Server thread/INFO]: Stopping the server
[21:35:00] [Server thread/INFO]: Stopping server
[21:35:00] [Server thread/INFO]: Saving players
[21:35:00] [Server thread/INFO]: Saving worlds
[21:35:02] [Server thread/INFO]: Saving chunks for level 'ServerLevel[world]'/minecraft:overworld
[21:35:47] [Server thread/INFO]: Saving chunks for level 'ServerLevel[world]'/minecraft:the_nether
[21:35:47] [Server thread/INFO]: Saving chunks for level 'ServerLevel[world]'/minecraft:the_end
[21:35:47] [Server thread/INFO]: ThreadedAnvilChunkStorage (world): All chunks are saved
[21:35:47] [Server thread/INFO]: ThreadedAnvilChunkStorage (DIM-1): All chunks are saved
[21:35:47] [Server thread/INFO]: ThreadedAnvilChunkStorage (DIM1): All chunks are saved
[21:35:47] [Server thread/INFO]: ThreadedAnvilChunkStorage: All dimensions are saved
